{"/home/travis/build/npmtest/node-npmtest-node-summary/test.js":{"path":"/home/travis/build/npmtest/node-npmtest-node-summary/test.js","s":{"1":2,"2":2,"3":2,"4":2,"5":2,"6":2,"7":2,"8":1,"9":2,"10":2,"11":1,"12":1,"13":1,"14":1,"15":2,"16":2,"17":2,"18":2,"19":1,"20":1,"21":2,"22":2,"23":2,"24":1,"25":1,"26":1,"27":1,"28":1,"29":1,"30":1,"31":1,"32":1,"33":1,"34":1,"35":1,"36":1,"37":1,"38":1,"39":2,"40":2,"41":1,"42":2,"43":2,"44":1,"45":2,"46":2,"47":1,"48":2,"49":2,"50":1,"51":1,"52":1,"53":1,"54":1},"b":{"1":[2,1,1,1],"2":[1,1,1,1],"3":[1,1],"4":[1,1],"5":[1,1],"6":[1,1],"7":[1,1],"8":[1,1],"9":[1,1],"10":[1,1,1],"11":[1,1],"12":[1,1],"13":[1,1],"14":[1,1],"15":[1,1],"16":[1,1],"17":[1,1]},"f":{"1":2,"2":2,"3":2,"4":2,"5":2,"6":1,"7":1,"8":1,"9":2,"10":2,"11":2,"12":2,"13":1},"fnMap":{"1":{"name":"(anonymous_1)","line":12,"loc":{"start":{"line":12,"column":1},"end":{"line":12,"column":13}}},"2":{"name":"(anonymous_2)","line":19,"loc":{"start":{"line":19,"column":5},"end":{"line":19,"column":17}}},"3":{"name":"(anonymous_3)","line":23,"loc":{"start":{"line":23,"column":24},"end":{"line":23,"column":36}}},"4":{"name":"(anonymous_4)","line":61,"loc":{"start":{"line":61,"column":5},"end":{"line":61,"column":17}}},"5":{"name":"(anonymous_5)","line":82,"loc":{"start":{"line":82,"column":5},"end":{"line":82,"column":17}}},"6":{"name":"(anonymous_6)","line":91,"loc":{"start":{"line":91,"column":77},"end":{"line":94,"column":10}}},"7":{"name":"(anonymous_7)","line":112,"loc":{"start":{"line":112,"column":83},"end":{"line":115,"column":10}},"skip":true},"8":{"name":"(anonymous_8)","line":123,"loc":{"start":{"line":123,"column":77},"end":{"line":126,"column":10}},"skip":true},"9":{"name":"(anonymous_9)","line":139,"loc":{"start":{"line":139,"column":12},"end":{"line":139,"column":40}},"skip":true},"10":{"name":"(anonymous_10)","line":147,"loc":{"start":{"line":147,"column":77},"end":{"line":150,"column":10}},"skip":true},"11":{"name":"(anonymous_11)","line":158,"loc":{"start":{"line":158,"column":83},"end":{"line":161,"column":10}},"skip":true},"12":{"name":"(anonymous_12)","line":169,"loc":{"start":{"line":169,"column":79},"end":{"line":172,"column":10}},"skip":true},"13":{"name":"(anonymous_13)","line":180,"loc":{"start":{"line":180,"column":75},"end":{"line":183,"column":10}},"skip":true}},"statementMap":{"1":{"start":{"line":12,"column":0},"end":{"line":195,"column":5}},"2":{"start":{"line":14,"column":4},"end":{"line":14,"column":14}},"3":{"start":{"line":19,"column":4},"end":{"line":56,"column":9}},"4":{"start":{"line":21,"column":8},"end":{"line":21,"column":19}},"5":{"start":{"line":23,"column":8},"end":{"line":35,"column":13}},"6":{"start":{"line":24,"column":12},"end":{"line":34,"column":13}},"7":{"start":{"line":25,"column":16},"end":{"line":28,"column":30}},"8":{"start":{"line":30,"column":16},"end":{"line":33,"column":27}},"9":{"start":{"line":37,"column":8},"end":{"line":39,"column":21}},"10":{"start":{"line":40,"column":8},"end":{"line":53,"column":9}},"11":{"start":{"line":43,"column":12},"end":{"line":46,"column":14}},"12":{"start":{"line":47,"column":12},"end":{"line":47,"column":18}},"13":{"start":{"line":50,"column":12},"end":{"line":51,"column":46}},"14":{"start":{"line":52,"column":12},"end":{"line":52,"column":18}},"15":{"start":{"line":55,"column":8},"end":{"line":55,"column":35}},"16":{"start":{"line":61,"column":4},"end":{"line":63,"column":9}},"17":{"start":{"line":62,"column":8},"end":{"line":62,"column":15}},"18":{"start":{"line":64,"column":4},"end":{"line":77,"column":5}},"19":{"start":{"line":70,"column":8},"end":{"line":70,"column":14}},"20":{"start":{"line":76,"column":8},"end":{"line":76,"column":14}},"21":{"start":{"line":82,"column":4},"end":{"line":84,"column":9}},"22":{"start":{"line":83,"column":8},"end":{"line":83,"column":15}},"23":{"start":{"line":85,"column":4},"end":{"line":194,"column":5}},"24":{"start":{"line":91,"column":8},"end":{"line":99,"column":10}},"25":{"start":{"line":98,"column":12},"end":{"line":98,"column":35}},"26":{"start":{"line":102,"column":8},"end":{"line":104,"column":63}},"27":{"start":{"line":105,"column":8},"end":{"line":105,"column":14}},"28":{"start":{"line":112,"column":8},"end":{"line":121,"column":10},"skip":true},"29":{"start":{"line":119,"column":12},"end":{"line":119,"column":55},"skip":true},"30":{"start":{"line":120,"column":12},"end":{"line":120,"column":48},"skip":true},"31":{"start":{"line":123,"column":8},"end":{"line":136,"column":10},"skip":true},"32":{"start":{"line":130,"column":12},"end":{"line":130,"column":76},"skip":true},"33":{"start":{"line":131,"column":12},"end":{"line":131,"column":73},"skip":true},"34":{"start":{"line":132,"column":12},"end":{"line":132,"column":74},"skip":true},"35":{"start":{"line":133,"column":12},"end":{"line":133,"column":79},"skip":true},"36":{"start":{"line":134,"column":12},"end":{"line":134,"column":25},"skip":true},"37":{"start":{"line":135,"column":12},"end":{"line":135,"column":45},"skip":true},"38":{"start":{"line":138,"column":8},"end":{"line":145,"column":14},"skip":true},"39":{"start":{"line":143,"column":16},"end":{"line":143,"column":29},"skip":true},"40":{"start":{"line":144,"column":16},"end":{"line":144,"column":55},"skip":true},"41":{"start":{"line":147,"column":8},"end":{"line":156,"column":10},"skip":true},"42":{"start":{"line":154,"column":12},"end":{"line":154,"column":25},"skip":true},"43":{"start":{"line":155,"column":12},"end":{"line":155,"column":45},"skip":true},"44":{"start":{"line":158,"column":8},"end":{"line":167,"column":10},"skip":true},"45":{"start":{"line":165,"column":12},"end":{"line":165,"column":25},"skip":true},"46":{"start":{"line":166,"column":12},"end":{"line":166,"column":48},"skip":true},"47":{"start":{"line":169,"column":8},"end":{"line":178,"column":10},"skip":true},"48":{"start":{"line":176,"column":12},"end":{"line":176,"column":25},"skip":true},"49":{"start":{"line":177,"column":12},"end":{"line":177,"column":46},"skip":true},"50":{"start":{"line":180,"column":8},"end":{"line":189,"column":10},"skip":true},"51":{"start":{"line":187,"column":12},"end":{"line":187,"column":94},"skip":true},"52":{"start":{"line":188,"column":12},"end":{"line":188,"column":48},"skip":true},"53":{"start":{"line":192,"column":8},"end":{"line":192,"column":35},"skip":true},"54":{"start":{"line":193,"column":8},"end":{"line":193,"column":14},"skip":true}},"branchMap":{"1":{"line":25,"type":"binary-expr","locations":[{"start":{"line":25,"column":23},"end":{"line":25,"column":62}},{"start":{"line":26,"column":20},"end":{"line":26,"column":70}},{"start":{"line":27,"column":20},"end":{"line":27,"column":71}},{"start":{"line":28,"column":20},"end":{"line":28,"column":29}}]},"2":{"line":30,"type":"binary-expr","locations":[{"start":{"line":30,"column":23},"end":{"line":30,"column":37}},{"start":{"line":31,"column":20},"end":{"line":31,"column":61}},{"start":{"line":32,"column":20},"end":{"line":32,"column":70}},{"start":{"line":33,"column":20},"end":{"line":33,"column":26}}]},"3":{"line":37,"type":"cond-expr","locations":[{"start":{"line":38,"column":14},"end":{"line":38,"column":20}},{"start":{"line":39,"column":14},"end":{"line":39,"column":20}}]},"4":{"line":40,"type":"switch","locations":[{"start":{"line":42,"column":8},"end":{"line":47,"column":18}},{"start":{"line":49,"column":8},"end":{"line":52,"column":18}}]},"5":{"line":44,"type":"binary-expr","locations":[{"start":{"line":44,"column":16},"end":{"line":44,"column":44}},{"start":{"line":44,"column":48},"end":{"line":44,"column":66}}]},"6":{"line":50,"type":"binary-expr","locations":[{"start":{"line":50,"column":21},"end":{"line":50,"column":49}},{"start":{"line":50,"column":53},"end":{"line":50,"column":72}}]},"7":{"line":64,"type":"switch","locations":[{"start":{"line":69,"column":4},"end":{"line":70,"column":14}},{"start":{"line":75,"column":4},"end":{"line":76,"column":14}}]},"8":{"line":85,"type":"switch","locations":[{"start":{"line":90,"column":4},"end":{"line":105,"column":14}},{"start":{"line":111,"column":4},"end":{"line":193,"column":14},"skip":true}]},"9":{"line":91,"type":"binary-expr","locations":[{"start":{"line":91,"column":42},"end":{"line":91,"column":73}},{"start":{"line":91,"column":77},"end":{"line":99,"column":9}}]},"10":{"line":102,"type":"binary-expr","locations":[{"start":{"line":102,"column":18},"end":{"line":102,"column":32}},{"start":{"line":103,"column":12},"end":{"line":103,"column":53}},{"start":{"line":104,"column":12},"end":{"line":104,"column":61}}]},"11":{"line":112,"type":"binary-expr","locations":[{"start":{"line":112,"column":45},"end":{"line":112,"column":79},"skip":true},{"start":{"line":112,"column":83},"end":{"line":121,"column":9},"skip":true}]},"12":{"line":123,"type":"binary-expr","locations":[{"start":{"line":123,"column":42},"end":{"line":123,"column":73},"skip":true},{"start":{"line":123,"column":77},"end":{"line":136,"column":9},"skip":true}]},"13":{"line":138,"type":"binary-expr","locations":[{"start":{"line":138,"column":48},"end":{"line":138,"column":85},"skip":true},{"start":{"line":139,"column":12},"end":{"line":145,"column":13},"skip":true}]},"14":{"line":147,"type":"binary-expr","locations":[{"start":{"line":147,"column":42},"end":{"line":147,"column":73},"skip":true},{"start":{"line":147,"column":77},"end":{"line":156,"column":9},"skip":true}]},"15":{"line":158,"type":"binary-expr","locations":[{"start":{"line":158,"column":45},"end":{"line":158,"column":79},"skip":true},{"start":{"line":158,"column":83},"end":{"line":167,"column":9},"skip":true}]},"16":{"line":169,"type":"binary-expr","locations":[{"start":{"line":169,"column":43},"end":{"line":169,"column":75},"skip":true},{"start":{"line":169,"column":79},"end":{"line":178,"column":9},"skip":true}]},"17":{"line":180,"type":"binary-expr","locations":[{"start":{"line":180,"column":41},"end":{"line":180,"column":71},"skip":true},{"start":{"line":180,"column":75},"end":{"line":189,"column":9},"skip":true}]}},"code":["/* istanbul instrument in package npmtest_node_summary */","/*jslint","    bitwise: true,","    browser: true,","    maxerr: 8,","    maxlen: 96,","    node: true,","    nomen: true,","    regexp: true,","    stupid: true","*/","(function () {","    'use strict';","    var local;","","","","    // run shared js-env code - pre-init","    (function () {","        // init local","        local = {};","        // init modeJs","        local.modeJs = (function () {","            try {","                return typeof navigator.userAgent === 'string' &&","                    typeof document.querySelector('body') === 'object' &&","                    typeof XMLHttpRequest.prototype.open === 'function' &&","                    'browser';","            } catch (errorCaughtBrowser) {","                return module.exports &&","                    typeof process.versions.node === 'string' &&","                    typeof require('http').createServer === 'function' &&","                    'node';","            }","        }());","        // init global","        local.global = local.modeJs === 'browser'","            ? window","            : global;","        switch (local.modeJs) {","        // re-init local from window.local","        case 'browser':","            local = local.global.utility2.objectSetDefault(","                local.global.utility2_rollup || local.global.local,","                local.global.utility2","            );","            break;","        // re-init local from example.js","        case 'node':","            local = (local.global.utility2_rollup || require('utility2'))","                .requireExampleJsFromReadme();","            break;","        }","        // export local","        local.global.local = local;","    }());","","","","    // run shared js-env code - function","    (function () {","        return;","    }());","    switch (local.modeJs) {","","","","    // run browser js-env code - function","    case 'browser':","        break;","","","","    // run node js-env code - function","    case 'node':","        break;","    }","","","","    // run shared js-env code - post-init","    (function () {","        return;","    }());","    switch (local.modeJs) {","","","","    // run browser js-env code - post-init","    case 'browser':","        local.testCase_browser_nullCase = local.testCase_browser_nullCase || function (","            options,","            onError","        ) {","        /*","         * this function will test browsers's null-case handling-behavior-behavior","         */","            onError(null, options);","        };","","        // run tests","        local.nop(local.modeTest &&","            document.querySelector('#testRunButton1') &&","            document.querySelector('#testRunButton1').click());","        break;","","","","    // run node js-env code - post-init","    /* istanbul ignore next */","    case 'node':","        local.testCase_buildApidoc_default = local.testCase_buildApidoc_default || function (","            options,","            onError","        ) {","        /*","         * this function will test buildApidoc's default handling-behavior-behavior","         */","            options = { modulePathList: module.paths };","            local.buildApidoc(options, onError);","        };","","        local.testCase_buildApp_default = local.testCase_buildApp_default || function (","            options,","            onError","        ) {","        /*","         * this function will test buildApp's default handling-behavior-behavior","         */","            local.testCase_buildReadme_default(options, local.onErrorThrow);","            local.testCase_buildLib_default(options, local.onErrorThrow);","            local.testCase_buildTest_default(options, local.onErrorThrow);","            local.testCase_buildCustomOrg_default(options, local.onErrorThrow);","            options = [];","            local.buildApp(options, onError);","        };","","        local.testCase_buildCustomOrg_default = local.testCase_buildCustomOrg_default ||","            function (options, onError) {","            /*","             * this function will test buildCustomOrg's default handling-behavior","             */","                options = {};","                local.buildCustomOrg(options, onError);","            };","","        local.testCase_buildLib_default = local.testCase_buildLib_default || function (","            options,","            onError","        ) {","        /*","         * this function will test buildLib's default handling-behavior","         */","            options = {};","            local.buildLib(options, onError);","        };","","        local.testCase_buildReadme_default = local.testCase_buildReadme_default || function (","            options,","            onError","        ) {","        /*","         * this function will test buildReadme's default handling-behavior-behavior","         */","            options = {};","            local.buildReadme(options, onError);","        };","","        local.testCase_buildTest_default = local.testCase_buildTest_default || function (","            options,","            onError","        ) {","        /*","         * this function will test buildTest's default handling-behavior","         */","            options = {};","            local.buildTest(options, onError);","        };","","        local.testCase_webpage_default = local.testCase_webpage_default || function (","            options,","            onError","        ) {","        /*","         * this function will test webpage's default handling-behavior","         */","            options = { modeCoverageMerge: true, url: local.serverLocalHost + '?modeTest=1' };","            local.browserTest(options, onError);","        };","","        // run test-server","        local.testRunServer(local);","        break;","    }","}());",""],"l":{"12":2,"14":2,"19":2,"21":2,"23":2,"24":2,"25":2,"30":1,"37":2,"40":2,"43":1,"47":1,"50":1,"52":1,"55":2,"61":2,"62":2,"64":2,"70":1,"76":1,"82":2,"83":2,"85":2,"91":1,"98":1,"102":1,"105":1,"112":1,"119":1,"120":1,"123":1,"130":1,"131":1,"132":1,"133":1,"134":1,"135":1,"138":1,"143":2,"144":2,"147":1,"154":2,"155":2,"158":1,"165":2,"166":2,"169":1,"176":2,"177":2,"180":1,"187":1,"188":1,"192":1,"193":1}},"/home/travis/build/npmtest/node-npmtest-node-summary/lib.npmtest_node_summary.js":{"path":"/home/travis/build/npmtest/node-npmtest-node-summary/lib.npmtest_node_summary.js","s":{"1":2,"2":2,"3":2,"4":2,"5":2,"6":2,"7":2,"8":1,"9":2,"10":2,"11":2,"12":2,"13":1,"14":1,"15":1,"16":1},"b":{"1":[2,1,1,1],"2":[1,1,1,1],"3":[1,1],"4":[2,2],"5":[1,1]},"f":{"1":2,"2":2,"3":2},"fnMap":{"1":{"name":"(anonymous_1)","line":12,"loc":{"start":{"line":12,"column":1},"end":{"line":12,"column":13}}},"2":{"name":"(anonymous_2)","line":19,"loc":{"start":{"line":19,"column":5},"end":{"line":19,"column":17}}},"3":{"name":"(anonymous_3)","line":23,"loc":{"start":{"line":23,"column":24},"end":{"line":23,"column":36}}}},"statementMap":{"1":{"start":{"line":12,"column":0},"end":{"line":53,"column":5}},"2":{"start":{"line":14,"column":4},"end":{"line":14,"column":14}},"3":{"start":{"line":19,"column":4},"end":{"line":52,"column":9}},"4":{"start":{"line":21,"column":8},"end":{"line":21,"column":19}},"5":{"start":{"line":23,"column":8},"end":{"line":35,"column":13}},"6":{"start":{"line":24,"column":12},"end":{"line":34,"column":13}},"7":{"start":{"line":25,"column":16},"end":{"line":28,"column":30}},"8":{"start":{"line":30,"column":16},"end":{"line":33,"column":27}},"9":{"start":{"line":37,"column":8},"end":{"line":39,"column":21}},"10":{"start":{"line":41,"column":8},"end":{"line":41,"column":54}},"11":{"start":{"line":43,"column":8},"end":{"line":43,"column":57}},"12":{"start":{"line":45,"column":8},"end":{"line":51,"column":9}},"13":{"start":{"line":46,"column":12},"end":{"line":46,"column":63}},"14":{"start":{"line":48,"column":12},"end":{"line":48,"column":35}},"15":{"start":{"line":49,"column":12},"end":{"line":49,"column":49}},"16":{"start":{"line":50,"column":12},"end":{"line":50,"column":43}}},"branchMap":{"1":{"line":25,"type":"binary-expr","locations":[{"start":{"line":25,"column":23},"end":{"line":25,"column":62}},{"start":{"line":26,"column":20},"end":{"line":26,"column":70}},{"start":{"line":27,"column":20},"end":{"line":27,"column":71}},{"start":{"line":28,"column":20},"end":{"line":28,"column":29}}]},"2":{"line":30,"type":"binary-expr","locations":[{"start":{"line":30,"column":23},"end":{"line":30,"column":37}},{"start":{"line":31,"column":20},"end":{"line":31,"column":61}},{"start":{"line":32,"column":20},"end":{"line":32,"column":70}},{"start":{"line":33,"column":20},"end":{"line":33,"column":26}}]},"3":{"line":37,"type":"cond-expr","locations":[{"start":{"line":38,"column":14},"end":{"line":38,"column":20}},{"start":{"line":39,"column":14},"end":{"line":39,"column":20}}]},"4":{"line":41,"type":"binary-expr","locations":[{"start":{"line":41,"column":16},"end":{"line":41,"column":44}},{"start":{"line":41,"column":48},"end":{"line":41,"column":53}}]},"5":{"line":45,"type":"if","locations":[{"start":{"line":45,"column":8},"end":{"line":45,"column":8}},{"start":{"line":45,"column":8},"end":{"line":45,"column":8}}]}},"code":["/* istanbul instrument in package npmtest_node_summary */","/*jslint","    bitwise: true,","    browser: true,","    maxerr: 8,","    maxlen: 96,","    node: true,","    nomen: true,","    regexp: true,","    stupid: true","*/","(function () {","    'use strict';","    var local;","","","","    // run shared js-env code - pre-init","    (function () {","        // init local","        local = {};","        // init modeJs","        local.modeJs = (function () {","            try {","                return typeof navigator.userAgent === 'string' &&","                    typeof document.querySelector('body') === 'object' &&","                    typeof XMLHttpRequest.prototype.open === 'function' &&","                    'browser';","            } catch (errorCaughtBrowser) {","                return module.exports &&","                    typeof process.versions.node === 'string' &&","                    typeof require('http').createServer === 'function' &&","                    'node';","            }","        }());","        // init global","        local.global = local.modeJs === 'browser'","            ? window","            : global;","        // init utility2_rollup","        local = local.global.utility2_rollup || local;","        // init lib","        local.local = local.npmtest_node_summary = local;","        // init exports","        if (local.modeJs === 'browser') {","            local.global.utility2_npmtest_node_summary = local;","        } else {","            module.exports = local;","            module.exports.__dirname = __dirname;","            module.exports.module = module;","        }","    }());","}());",""],"l":{"12":2,"14":2,"19":2,"21":2,"23":2,"24":2,"25":2,"30":1,"37":2,"41":2,"43":2,"45":2,"46":1,"48":1,"49":1,"50":1}},"/home/travis/build/npmtest/node-npmtest-node-summary/example.js":{"path":"/home/travis/build/npmtest/node-npmtest-node-summary/example.js","s":{"1":2,"2":2,"3":2,"4":2,"5":2,"6":2,"7":2,"8":1,"9":2,"10":2,"11":2,"12":2,"13":1,"14":2,"15":2,"16":2,"17":2,"18":2,"19":0,"20":2,"21":1,"22":1,"23":1,"24":1,"25":1,"26":0,"27":0,"28":1,"29":1,"30":2,"31":0,"32":0,"33":0,"34":1,"35":2,"36":2,"37":3,"38":3,"39":3,"40":3,"41":0,"42":3,"43":3,"44":3,"45":1,"46":3,"47":1,"48":1,"49":1,"50":1,"51":1,"52":1,"53":1,"54":1,"55":1,"56":1,"57":0,"58":1,"59":6,"60":6,"61":1,"62":2,"63":0,"64":2,"65":1,"66":1,"67":0,"68":0,"69":0,"70":0,"71":0,"72":0,"73":0,"74":0,"75":0,"76":0,"77":0,"78":0,"79":0,"80":0,"81":0,"82":0,"83":0},"b":{"1":[2,1,1,1],"2":[1,1,1,1],"3":[1,1],"4":[2,2],"5":[1,1],"6":[1,1],"7":[2,0],"8":[2,1,1,1,1,1],"9":[0,2,0],"10":[1,1],"11":[2,1,1],"12":[1,0],"13":[0,2],"14":[2,0,0,0,0,0,0],"15":[0,3],"16":[3,0],"17":[1,1],"18":[0,1],"19":[1,2,0,2],"20":[1,0],"21":[1,1],"22":[0,0],"23":[0,0],"24":[0,0],"25":[0,0],"26":[0,0],"27":[0,0],"28":[0,0]},"f":{"1":2,"2":2,"3":2,"4":2,"5":2,"6":2,"7":3,"8":3,"9":3,"10":1,"11":6,"12":0},"fnMap":{"1":{"name":"(anonymous_1)","line":26,"loc":{"start":{"line":26,"column":1},"end":{"line":26,"column":13}}},"2":{"name":"(anonymous_2)","line":33,"loc":{"start":{"line":33,"column":5},"end":{"line":33,"column":17}}},"3":{"name":"(anonymous_3)","line":37,"loc":{"start":{"line":37,"column":24},"end":{"line":37,"column":36}}},"4":{"name":"(anonymous_4)","line":69,"loc":{"start":{"line":69,"column":31},"end":{"line":69,"column":48}},"skip":true},"5":{"name":"(anonymous_5)","line":78,"loc":{"start":{"line":78,"column":26},"end":{"line":78,"column":45}},"skip":true},"6":{"name":"(anonymous_6)","line":123,"loc":{"start":{"line":123,"column":33},"end":{"line":123,"column":48}},"skip":true},"7":{"name":"(anonymous_7)","line":125,"loc":{"start":{"line":125,"column":27},"end":{"line":125,"column":39}},"skip":true},"8":{"name":"(anonymous_8)","line":133,"loc":{"start":{"line":133,"column":59},"end":{"line":133,"column":74}},"skip":true},"9":{"name":"(anonymous_9)","line":143,"loc":{"start":{"line":143,"column":45},"end":{"line":143,"column":62}},"skip":true},"10":{"name":"(anonymous_10)","line":144,"loc":{"start":{"line":144,"column":73},"end":{"line":144,"column":92}},"skip":true},"11":{"name":"(anonymous_11)","line":272,"loc":{"start":{"line":272,"column":51},"end":{"line":272,"column":77}},"skip":true},"12":{"name":"(anonymous_12)","line":315,"loc":{"start":{"line":315,"column":32},"end":{"line":315,"column":61}},"skip":true}},"statementMap":{"1":{"start":{"line":26,"column":0},"end":{"line":326,"column":5}},"2":{"start":{"line":28,"column":4},"end":{"line":28,"column":14}},"3":{"start":{"line":33,"column":4},"end":{"line":60,"column":9}},"4":{"start":{"line":35,"column":8},"end":{"line":35,"column":19}},"5":{"start":{"line":37,"column":8},"end":{"line":49,"column":13}},"6":{"start":{"line":38,"column":12},"end":{"line":48,"column":13}},"7":{"start":{"line":39,"column":16},"end":{"line":42,"column":30}},"8":{"start":{"line":44,"column":16},"end":{"line":47,"column":27}},"9":{"start":{"line":51,"column":8},"end":{"line":53,"column":21}},"10":{"start":{"line":55,"column":8},"end":{"line":57,"column":45}},"11":{"start":{"line":59,"column":8},"end":{"line":59,"column":35}},"12":{"start":{"line":61,"column":4},"end":{"line":325,"column":5}},"13":{"start":{"line":69,"column":8},"end":{"line":121,"column":10},"skip":true},"14":{"start":{"line":70,"column":12},"end":{"line":88,"column":13},"skip":true},"15":{"start":{"line":76,"column":16},"end":{"line":87,"column":19},"skip":true},"16":{"start":{"line":79,"column":20},"end":{"line":86,"column":21},"skip":true},"17":{"start":{"line":82,"column":24},"end":{"line":82,"column":43},"skip":true},"18":{"start":{"line":83,"column":24},"end":{"line":83,"column":30},"skip":true},"19":{"start":{"line":85,"column":24},"end":{"line":85,"column":49},"skip":true},"20":{"start":{"line":89,"column":12},"end":{"line":107,"column":13},"skip":true},"21":{"start":{"line":92,"column":16},"end":{"line":102,"column":17},"skip":true},"22":{"start":{"line":93,"column":20},"end":{"line":93,"column":86},"skip":true},"23":{"start":{"line":94,"column":20},"end":{"line":95,"column":45},"skip":true},"24":{"start":{"line":96,"column":20},"end":{"line":96,"column":42},"skip":true},"25":{"start":{"line":97,"column":20},"end":{"line":97,"column":48},"skip":true},"26":{"start":{"line":100,"column":20},"end":{"line":100,"column":85},"skip":true},"27":{"start":{"line":101,"column":20},"end":{"line":101,"column":96},"skip":true},"28":{"start":{"line":103,"column":16},"end":{"line":103,"column":22},"skip":true},"29":{"start":{"line":106,"column":16},"end":{"line":106,"column":22},"skip":true},"30":{"start":{"line":108,"column":12},"end":{"line":120,"column":13},"skip":true},"31":{"start":{"line":114,"column":16},"end":{"line":119,"column":17},"skip":true},"32":{"start":{"line":116,"column":20},"end":{"line":116,"column":78},"skip":true},"33":{"start":{"line":118,"column":20},"end":{"line":118,"column":47},"skip":true},"34":{"start":{"line":123,"column":8},"end":{"line":141,"column":11},"skip":true},"35":{"start":{"line":124,"column":12},"end":{"line":124,"column":54},"skip":true},"36":{"start":{"line":125,"column":12},"end":{"line":140,"column":14},"skip":true},"37":{"start":{"line":126,"column":16},"end":{"line":126,"column":28},"skip":true},"38":{"start":{"line":127,"column":16},"end":{"line":127,"column":69},"skip":true},"39":{"start":{"line":128,"column":16},"end":{"line":128,"column":75},"skip":true},"40":{"start":{"line":129,"column":16},"end":{"line":131,"column":17},"skip":true},"41":{"start":{"line":130,"column":20},"end":{"line":130,"column":27},"skip":true},"42":{"start":{"line":133,"column":16},"end":{"line":137,"column":36},"skip":true},"43":{"start":{"line":134,"column":20},"end":{"line":136,"column":55},"skip":true},"44":{"start":{"line":139,"column":16},"end":{"line":139,"column":57},"skip":true},"45":{"start":{"line":143,"column":8},"end":{"line":147,"column":11},"skip":true},"46":{"start":{"line":144,"column":12},"end":{"line":146,"column":15},"skip":true},"47":{"start":{"line":145,"column":16},"end":{"line":145,"column":70},"skip":true},"48":{"start":{"line":149,"column":8},"end":{"line":149,"column":31},"skip":true},"49":{"start":{"line":150,"column":8},"end":{"line":150,"column":14},"skip":true},"50":{"start":{"line":158,"column":8},"end":{"line":158,"column":31},"skip":true},"51":{"start":{"line":160,"column":8},"end":{"line":160,"column":33},"skip":true},"52":{"start":{"line":161,"column":8},"end":{"line":161,"column":37},"skip":true},"53":{"start":{"line":162,"column":8},"end":{"line":162,"column":35},"skip":true},"54":{"start":{"line":164,"column":8},"end":{"line":164,"column":50},"skip":true},"55":{"start":{"line":166,"column":8},"end":{"line":256,"column":2},"skip":true},"56":{"start":{"line":258,"column":8},"end":{"line":286,"column":9},"skip":true},"57":{"start":{"line":259,"column":12},"end":{"line":269,"column":14},"skip":true},"58":{"start":{"line":271,"column":12},"end":{"line":285,"column":19},"skip":true},"59":{"start":{"line":274,"column":20},"end":{"line":274,"column":35},"skip":true},"60":{"start":{"line":275,"column":20},"end":{"line":284,"column":21},"skip":true},"61":{"start":{"line":277,"column":24},"end":{"line":277,"column":64},"skip":true},"62":{"start":{"line":279,"column":24},"end":{"line":279,"column":40},"skip":true},"63":{"start":{"line":281,"column":24},"end":{"line":281,"column":40},"skip":true},"64":{"start":{"line":283,"column":24},"end":{"line":283,"column":39},"skip":true},"65":{"start":{"line":288,"column":8},"end":{"line":290,"column":9},"skip":true},"66":{"start":{"line":289,"column":12},"end":{"line":289,"column":18},"skip":true},"67":{"start":{"line":291,"column":8},"end":{"line":293,"column":54},"skip":true},"68":{"start":{"line":296,"column":8},"end":{"line":301,"column":37},"skip":true},"69":{"start":{"line":303,"column":8},"end":{"line":303,"column":82},"skip":true},"70":{"start":{"line":306,"column":8},"end":{"line":308,"column":9},"skip":true},"71":{"start":{"line":307,"column":12},"end":{"line":307,"column":82},"skip":true},"72":{"start":{"line":310,"column":8},"end":{"line":312,"column":9},"skip":true},"73":{"start":{"line":311,"column":12},"end":{"line":311,"column":18},"skip":true},"74":{"start":{"line":313,"column":8},"end":{"line":313,"column":54},"skip":true},"75":{"start":{"line":314,"column":8},"end":{"line":314,"column":69},"skip":true},"76":{"start":{"line":315,"column":8},"end":{"line":323,"column":36},"skip":true},"77":{"start":{"line":316,"column":12},"end":{"line":316,"column":61},"skip":true},"78":{"start":{"line":317,"column":12},"end":{"line":320,"column":13},"skip":true},"79":{"start":{"line":318,"column":16},"end":{"line":318,"column":75},"skip":true},"80":{"start":{"line":319,"column":16},"end":{"line":319,"column":23},"skip":true},"81":{"start":{"line":321,"column":12},"end":{"line":321,"column":38},"skip":true},"82":{"start":{"line":322,"column":12},"end":{"line":322,"column":27},"skip":true},"83":{"start":{"line":324,"column":8},"end":{"line":324,"column":14},"skip":true}},"branchMap":{"1":{"line":39,"type":"binary-expr","locations":[{"start":{"line":39,"column":23},"end":{"line":39,"column":62}},{"start":{"line":40,"column":20},"end":{"line":40,"column":70}},{"start":{"line":41,"column":20},"end":{"line":41,"column":71}},{"start":{"line":42,"column":20},"end":{"line":42,"column":29}}]},"2":{"line":44,"type":"binary-expr","locations":[{"start":{"line":44,"column":23},"end":{"line":44,"column":37}},{"start":{"line":45,"column":20},"end":{"line":45,"column":61}},{"start":{"line":46,"column":20},"end":{"line":46,"column":70}},{"start":{"line":47,"column":20},"end":{"line":47,"column":26}}]},"3":{"line":51,"type":"cond-expr","locations":[{"start":{"line":52,"column":14},"end":{"line":52,"column":20}},{"start":{"line":53,"column":14},"end":{"line":53,"column":20}}]},"4":{"line":55,"type":"binary-expr","locations":[{"start":{"line":55,"column":16},"end":{"line":55,"column":44}},{"start":{"line":55,"column":49},"end":{"line":57,"column":43}}]},"5":{"line":55,"type":"cond-expr","locations":[{"start":{"line":56,"column":14},"end":{"line":56,"column":56}},{"start":{"line":57,"column":14},"end":{"line":57,"column":43}}]},"6":{"line":61,"type":"switch","locations":[{"start":{"line":68,"column":4},"end":{"line":150,"column":14},"skip":true},{"start":{"line":156,"column":4},"end":{"line":324,"column":14},"skip":true}]},"7":{"line":70,"type":"if","locations":[{"start":{"line":70,"column":12},"end":{"line":70,"column":12},"skip":true},{"start":{"line":70,"column":12},"end":{"line":70,"column":12},"skip":true}]},"8":{"line":70,"type":"binary-expr","locations":[{"start":{"line":70,"column":16},"end":{"line":70,"column":22},"skip":true},{"start":{"line":70,"column":27},"end":{"line":70,"column":32},"skip":true},{"start":{"line":71,"column":20},"end":{"line":71,"column":39},"skip":true},{"start":{"line":72,"column":20},"end":{"line":72,"column":49},"skip":true},{"start":{"line":73,"column":20},"end":{"line":73,"column":58},"skip":true},{"start":{"line":74,"column":20},"end":{"line":74,"column":69},"skip":true}]},"9":{"line":79,"type":"switch","locations":[{"start":{"line":80,"column":20},"end":{"line":80,"column":33},"skip":true},{"start":{"line":81,"column":20},"end":{"line":83,"column":30},"skip":true},{"start":{"line":84,"column":20},"end":{"line":85,"column":49},"skip":true}]},"10":{"line":89,"type":"switch","locations":[{"start":{"line":90,"column":12},"end":{"line":103,"column":22},"skip":true},{"start":{"line":105,"column":12},"end":{"line":106,"column":22},"skip":true}]},"11":{"line":89,"type":"binary-expr","locations":[{"start":{"line":89,"column":20},"end":{"line":89,"column":25},"skip":true},{"start":{"line":89,"column":29},"end":{"line":89,"column":48},"skip":true},{"start":{"line":89,"column":52},"end":{"line":89,"column":74},"skip":true}]},"12":{"line":92,"type":"if","locations":[{"start":{"line":92,"column":16},"end":{"line":92,"column":16},"skip":true},{"start":{"line":92,"column":16},"end":{"line":92,"column":16},"skip":true}]},"13":{"line":108,"type":"if","locations":[{"start":{"line":108,"column":12},"end":{"line":108,"column":12},"skip":true},{"start":{"line":108,"column":12},"end":{"line":108,"column":12},"skip":true}]},"14":{"line":108,"type":"binary-expr","locations":[{"start":{"line":108,"column":16},"end":{"line":108,"column":61},"skip":true},{"start":{"line":108,"column":66},"end":{"line":108,"column":72},"skip":true},{"start":{"line":108,"column":77},"end":{"line":108,"column":82},"skip":true},{"start":{"line":109,"column":20},"end":{"line":109,"column":39},"skip":true},{"start":{"line":110,"column":20},"end":{"line":110,"column":49},"skip":true},{"start":{"line":111,"column":20},"end":{"line":111,"column":58},"skip":true},{"start":{"line":112,"column":20},"end":{"line":112,"column":68},"skip":true}]},"15":{"line":129,"type":"if","locations":[{"start":{"line":129,"column":16},"end":{"line":129,"column":16},"skip":true},{"start":{"line":129,"column":16},"end":{"line":129,"column":16},"skip":true}]},"16":{"line":134,"type":"cond-expr","locations":[{"start":{"line":135,"column":26},"end":{"line":135,"column":29},"skip":true},{"start":{"line":136,"column":26},"end":{"line":136,"column":54},"skip":true}]},"17":{"line":164,"type":"binary-expr","locations":[{"start":{"line":164,"column":27},"end":{"line":164,"column":43},"skip":true},{"start":{"line":164,"column":47},"end":{"line":164,"column":49},"skip":true}]},"18":{"line":258,"type":"if","locations":[{"start":{"line":258,"column":8},"end":{"line":258,"column":8},"skip":true},{"start":{"line":258,"column":8},"end":{"line":258,"column":8},"skip":true}]},"19":{"line":275,"type":"switch","locations":[{"start":{"line":276,"column":20},"end":{"line":277,"column":64},"skip":true},{"start":{"line":278,"column":20},"end":{"line":279,"column":40},"skip":true},{"start":{"line":280,"column":20},"end":{"line":281,"column":40},"skip":true},{"start":{"line":282,"column":20},"end":{"line":283,"column":39},"skip":true}]},"20":{"line":288,"type":"if","locations":[{"start":{"line":288,"column":8},"end":{"line":288,"column":8},"skip":true},{"start":{"line":288,"column":8},"end":{"line":288,"column":8},"skip":true}]},"21":{"line":288,"type":"binary-expr","locations":[{"start":{"line":288,"column":12},"end":{"line":288,"column":40},"skip":true},{"start":{"line":288,"column":44},"end":{"line":288,"column":67},"skip":true}]},"22":{"line":292,"type":"binary-expr","locations":[{"start":{"line":292,"column":12},"end":{"line":292,"column":50},"skip":true},{"start":{"line":293,"column":12},"end":{"line":293,"column":53},"skip":true}]},"23":{"line":297,"type":"binary-expr","locations":[{"start":{"line":297,"column":12},"end":{"line":297,"column":70},"skip":true},{"start":{"line":298,"column":12},"end":{"line":301,"column":36},"skip":true}]},"24":{"line":303,"type":"binary-expr","locations":[{"start":{"line":303,"column":43},"end":{"line":303,"column":75},"skip":true},{"start":{"line":303,"column":79},"end":{"line":303,"column":81},"skip":true}]},"25":{"line":306,"type":"if","locations":[{"start":{"line":306,"column":8},"end":{"line":306,"column":8},"skip":true},{"start":{"line":306,"column":8},"end":{"line":306,"column":8},"skip":true}]},"26":{"line":310,"type":"if","locations":[{"start":{"line":310,"column":8},"end":{"line":310,"column":8},"skip":true},{"start":{"line":310,"column":8},"end":{"line":310,"column":8},"skip":true}]},"27":{"line":313,"type":"binary-expr","locations":[{"start":{"line":313,"column":27},"end":{"line":313,"column":43},"skip":true},{"start":{"line":313,"column":47},"end":{"line":313,"column":53},"skip":true}]},"28":{"line":317,"type":"if","locations":[{"start":{"line":317,"column":12},"end":{"line":317,"column":12},"skip":true},{"start":{"line":317,"column":12},"end":{"line":317,"column":12},"skip":true}]}},"code":["/*","example.js","","quickstart example","","instruction","    1. save this script as example.js","    2. run the shell command:","        $ npm install npmtest-node-summary && PORT=8081 node example.js","    3. play with the browser-demo on http://127.0.0.1:8081","*/","","","","/* istanbul instrument in package npmtest_node_summary */","/*jslint","    bitwise: true,","    browser: true,","    maxerr: 8,","    maxlen: 96,","    node: true,","    nomen: true,","    regexp: true,","    stupid: true","*/","(function () {","    'use strict';","    var local;","","","","    // run shared js-env code - pre-init","    (function () {","        // init local","        local = {};","        // init modeJs","        local.modeJs = (function () {","            try {","                return typeof navigator.userAgent === 'string' &&","                    typeof document.querySelector('body') === 'object' &&","                    typeof XMLHttpRequest.prototype.open === 'function' &&","                    'browser';","            } catch (errorCaughtBrowser) {","                return module.exports &&","                    typeof process.versions.node === 'string' &&","                    typeof require('http').createServer === 'function' &&","                    'node';","            }","        }());","        // init global","        local.global = local.modeJs === 'browser'","            ? window","            : global;","        // init utility2_rollup","        local = local.global.utility2_rollup || (local.modeJs === 'browser'","            ? local.global.utility2_npmtest_node_summary","            : global.utility2_moduleExports);","        // export local","        local.global.local = local;","    }());","    switch (local.modeJs) {","","","","    // post-init","    // run browser js-env code - post-init","    /* istanbul ignore next */","    case 'browser':","        local.testRunBrowser = function (event) {","            if (!event || (event &&","                    event.currentTarget &&","                    event.currentTarget.className &&","                    event.currentTarget.className.includes &&","                    event.currentTarget.className.includes('onreset'))) {","                // reset output","                Array.from(","                    document.querySelectorAll('body > .resettable')","                ).forEach(function (element) {","                    switch (element.tagName) {","                    case 'INPUT':","                    case 'TEXTAREA':","                        element.value = '';","                        break;","                    default:","                        element.textContent = '';","                    }","                });","            }","            switch (event && event.currentTarget && event.currentTarget.id) {","            case 'testRunButton1':","                // show tests","                if (document.querySelector('#testReportDiv1').style.display === 'none') {","                    document.querySelector('#testReportDiv1').style.display = 'block';","                    document.querySelector('#testRunButton1').textContent =","                        'hide internal test';","                    local.modeTest = true;","                    local.testRunDefault(local);","                // hide tests","                } else {","                    document.querySelector('#testReportDiv1').style.display = 'none';","                    document.querySelector('#testRunButton1').textContent = 'run internal test';","                }","                break;","            // custom-case","            default:","                break;","            }","            if (document.querySelector('#inputTextareaEval1') && (!event || (event &&","                    event.currentTarget &&","                    event.currentTarget.className &&","                    event.currentTarget.className.includes &&","                    event.currentTarget.className.includes('oneval')))) {","                // try to eval input-code","                try {","                    /*jslint evil: true*/","                    eval(document.querySelector('#inputTextareaEval1').value);","                } catch (errorCaught) {","                    console.error(errorCaught);","                }","            }","        };","        // log stderr and stdout to #outputTextareaStdout1","        ['error', 'log'].forEach(function (key) {","            console[key + '_original'] = console[key];","            console[key] = function () {","                var element;","                console[key + '_original'].apply(console, arguments);","                element = document.querySelector('#outputTextareaStdout1');","                if (!element) {","                    return;","                }","                // append text to #outputTextareaStdout1","                element.value += Array.from(arguments).map(function (arg) {","                    return typeof arg === 'string'","                        ? arg","                        : JSON.stringify(arg, null, 4);","                }).join(' ') + '\\n';","                // scroll textarea to bottom","                element.scrollTop = element.scrollHeight;","            };","        });","        // init event-handling","        ['change', 'click', 'keyup'].forEach(function (event) {","            Array.from(document.querySelectorAll('.on' + event)).forEach(function (element) {","                element.addEventListener(event, local.testRunBrowser);","            });","        });","        // run tests","        local.testRunBrowser();","        break;","","","","    // run node js-env code - post-init","    /* istanbul ignore next */","    case 'node':","        // export local","        module.exports = local;","        // require modules","        local.fs = require('fs');","        local.http = require('http');","        local.url = require('url');","        // init assets","        local.assetsDict = local.assetsDict || {};","        /* jslint-ignore-begin */","        local.assetsDict['/assets.index.template.html'] = '\\","<!doctype html>\\n\\","<html lang=\"en\">\\n\\","<head>\\n\\","<meta charset=\"UTF-8\">\\n\\","<meta name=\"viewport\" content=\"width=device-width, initial-scale=1\">\\n\\","<title>{{env.npm_package_name}} (v{{env.npm_package_version}})</title>\\n\\","<style>\\n\\","/*csslint\\n\\","    box-sizing: false,\\n\\","    universal-selector: false\\n\\","*/\\n\\","* {\\n\\","    box-sizing: border-box;\\n\\","}\\n\\","body {\\n\\","    background: #dde;\\n\\","    font-family: Arial, Helvetica, sans-serif;\\n\\","    margin: 2rem;\\n\\","}\\n\\","body > * {\\n\\","    margin-bottom: 1rem;\\n\\","}\\n\\",".utility2FooterDiv {\\n\\","    margin-top: 20px;\\n\\","    text-align: center;\\n\\","}\\n\\","</style>\\n\\","<style>\\n\\","/*csslint\\n\\","*/\\n\\","textarea {\\n\\","    font-family: monospace;\\n\\","    height: 10rem;\\n\\","    width: 100%;\\n\\","}\\n\\","textarea[readonly] {\\n\\","    background: #ddd;\\n\\","}\\n\\","</style>\\n\\","</head>\\n\\","<body>\\n\\","<!-- utility2-comment\\n\\","<div id=\"ajaxProgressDiv1\" style=\"background: #d00; height: 2px; left: 0; margin: 0; padding: 0; position: fixed; top: 0; transition: background 0.5s, width 1.5s; width: 25%;\"></div>\\n\\","utility2-comment -->\\n\\","<h1>\\n\\","<!-- utility2-comment\\n\\","    <a\\n\\","        {{#if env.npm_package_homepage}}\\n\\","        href=\"{{env.npm_package_homepage}}\"\\n\\","        {{/if env.npm_package_homepage}}\\n\\","        target=\"_blank\"\\n\\","    >\\n\\","utility2-comment -->\\n\\","        {{env.npm_package_name}} (v{{env.npm_package_version}})\\n\\","<!-- utility2-comment\\n\\","    </a>\\n\\","utility2-comment -->\\n\\","</h1>\\n\\","<h3>{{env.npm_package_description}}</h3>\\n\\","<!-- utility2-comment\\n\\","<h4><a download href=\"assets.app.js\">download standalone app</a></h4>\\n\\","<button class=\"onclick onreset\" id=\"testRunButton1\">run internal test</button><br>\\n\\","<div id=\"testReportDiv1\" style=\"display: none;\"></div>\\n\\","utility2-comment -->\\n\\","\\n\\","\\n\\","\\n\\","<label>stderr and stdout</label>\\n\\","<textarea class=\"resettable\" id=\"outputTextareaStdout1\" readonly></textarea>\\n\\","<!-- utility2-comment\\n\\","{{#if isRollup}}\\n\\","<script src=\"assets.app.js\"></script>\\n\\","{{#unless isRollup}}\\n\\","utility2-comment -->\\n\\","<script src=\"assets.utility2.rollup.js\"></script>\\n\\","<script src=\"jsonp.utility2._stateInit?callback=window.utility2._stateInit\"></script>\\n\\","<script src=\"assets.npmtest_node_summary.rollup.js\"></script>\\n\\","<script src=\"assets.example.js\"></script>\\n\\","<script src=\"assets.test.js\"></script>\\n\\","<!-- utility2-comment\\n\\","{{/if isRollup}}\\n\\","utility2-comment -->\\n\\","<div class=\"utility2FooterDiv\">\\n\\","    [ this app was created with\\n\\","    <a href=\"https://github.com/kaizhu256/node-utility2\" target=\"_blank\">utility2</a>\\n\\","    ]\\n\\","</div>\\n\\","</body>\\n\\","</html>\\n\\","';","        /* jslint-ignore-end */","        if (local.templateRender) {","            local.assetsDict['/'] = local.templateRender(","                local.assetsDict['/assets.index.template.html'],","                {","                    env: local.objectSetDefault(local.env, {","                        npm_package_description: 'the greatest app in the world!',","                        npm_package_name: 'my-app',","                        npm_package_nameAlias: 'my_app',","                        npm_package_version: '0.0.1'","                    })","                }","            );","        } else {","            local.assetsDict['/'] = local.assetsDict['/assets.index.template.html']","                .replace((/\\{\\{env\\.(\\w+?)\\}\\}/g), function (match0, match1) {","                    // jslint-hack","                    String(match0);","                    switch (match1) {","                    case 'npm_package_description':","                        return 'the greatest app in the world!';","                    case 'npm_package_name':","                        return 'my-app';","                    case 'npm_package_nameAlias':","                        return 'my_app';","                    case 'npm_package_version':","                        return '0.0.1';","                    }","                });","        }","        // run the cli","        if (local.global.utility2_rollup || module !== require.main) {","            break;","        }","        local.assetsDict['/assets.example.js'] =","            local.assetsDict['/assets.example.js'] ||","            local.fs.readFileSync(__filename, 'utf8');","        // bug-workaround - long $npm_package_buildCustomOrg","        /* jslint-ignore-begin */","        local.assetsDict['/assets.npmtest_node_summary.rollup.js'] =","            local.assetsDict['/assets.npmtest_node_summary.rollup.js'] ||","            local.fs.readFileSync(","                local.npmtest_node_summary.__dirname + '/lib.npmtest_node_summary.js',","                'utf8'","            ).replace((/^#!/), '//');","        /* jslint-ignore-end */","        local.assetsDict['/favicon.ico'] = local.assetsDict['/favicon.ico'] || '';","        // if $npm_config_timeout_exit exists,","        // then exit this process after $npm_config_timeout_exit ms","        if (Number(process.env.npm_config_timeout_exit)) {","            setTimeout(process.exit, Number(process.env.npm_config_timeout_exit));","        }","        // start server","        if (local.global.utility2_serverHttp1) {","            break;","        }","        process.env.PORT = process.env.PORT || '8081';","        console.error('server starting on port ' + process.env.PORT);","        local.http.createServer(function (request, response) {","            request.urlParsed = local.url.parse(request.url);","            if (local.assetsDict[request.urlParsed.pathname] !== undefined) {","                response.end(local.assetsDict[request.urlParsed.pathname]);","                return;","            }","            response.statusCode = 404;","            response.end();","        }).listen(process.env.PORT);","        break;","    }","}());",""],"l":{"26":2,"28":2,"33":2,"35":2,"37":2,"38":2,"39":2,"44":1,"51":2,"55":2,"59":2,"61":2,"69":1,"70":2,"76":2,"79":2,"82":2,"83":2,"85":1,"89":2,"92":1,"93":1,"94":1,"96":1,"97":1,"100":1,"101":1,"103":1,"106":1,"108":2,"114":1,"116":1,"118":1,"123":1,"124":2,"125":2,"126":3,"127":3,"128":3,"129":3,"130":1,"133":3,"134":3,"139":3,"143":1,"144":3,"145":1,"149":1,"150":1,"158":1,"160":1,"161":1,"162":1,"164":1,"166":1,"258":1,"259":1,"271":1,"274":6,"275":6,"277":1,"279":2,"281":1,"283":2,"288":1,"289":1,"291":1,"296":1,"303":1,"306":1,"307":1,"310":1,"311":1,"313":1,"314":1,"315":1,"316":1,"317":1,"318":1,"319":1,"321":1,"322":1,"324":1}},"/home/travis/build/npmtest/node-npmtest-node-summary/node_modules/node-summary/lib/summary.js":{"path":"/home/travis/build/npmtest/node-npmtest-node-summary/node_modules/node-summary/lib/summary.js","s":{"1":1,"2":1,"3":1,"4":0,"5":0,"6":0,"7":0,"8":0,"9":1,"10":0,"11":1,"12":0,"13":0,"14":0,"15":0,"16":0,"17":0,"18":0,"19":0,"20":0,"21":0,"22":0,"23":1,"24":0,"25":0,"26":0,"27":0,"28":0,"29":0,"30":0,"31":1,"32":0,"33":0,"34":1,"35":0,"36":0,"37":0,"38":0,"39":0,"40":0,"41":0,"42":0,"43":0,"44":0,"45":0,"46":0,"47":0,"48":1,"49":0,"50":0,"51":0,"52":0,"53":0,"54":0,"55":0,"56":0,"57":0,"58":0,"59":0,"60":0,"61":0,"62":0,"63":0,"64":0,"65":0,"66":0,"67":0,"68":1,"69":0,"70":0,"71":0,"72":0,"73":0,"74":0,"75":0,"76":0,"77":0,"78":0,"79":0,"80":0,"81":0,"82":0,"83":0,"84":0,"85":0,"86":0,"87":0,"88":0,"89":0,"90":0,"91":0,"92":1,"93":0,"94":0,"95":0,"96":0,"97":0,"98":0,"99":0,"100":0,"101":0,"102":0,"103":0,"104":1,"105":0,"106":0,"107":0,"108":0,"109":0,"110":0,"111":0,"112":0},"b":{"1":[0,0],"2":[0,0],"3":[0,0],"4":[0,0],"5":[0,0],"6":[0,0],"7":[0,0],"8":[0,0],"9":[0,0],"10":[0,0],"11":[0,0],"12":[0,0],"13":[0,0],"14":[0,0],"15":[0,0],"16":[0,0],"17":[0,0],"18":[0,0],"19":[0,0],"20":[0,0],"21":[0,0]},"f":{"1":0,"2":0,"3":0,"4":0,"5":0,"6":0,"7":0,"8":0,"9":0,"10":0,"11":0,"12":0,"13":0,"14":0,"15":0,"16":0,"17":0,"18":0,"19":0,"20":0,"21":0,"22":0,"23":0,"24":0,"25":0,"26":0,"27":0,"28":0,"29":0,"30":0,"31":0,"32":0},"fnMap":{"1":{"name":"splitContentToSentences","line":4,"loc":{"start":{"line":4,"column":0},"end":{"line":4,"column":52}}},"2":{"name":"splitContentToParagraphs","line":15,"loc":{"start":{"line":15,"column":0},"end":{"line":15,"column":53}}},"3":{"name":"intersect_safe","line":22,"loc":{"start":{"line":22,"column":0},"end":{"line":22,"column":30}}},"4":{"name":"sentencesIntersection","line":40,"loc":{"start":{"line":40,"column":0},"end":{"line":40,"column":55}}},"5":{"name":"formatSentence","line":54,"loc":{"start":{"line":54,"column":0},"end":{"line":54,"column":44}}},"6":{"name":"getBestSentence","line":61,"loc":{"start":{"line":61,"column":0},"end":{"line":61,"column":62}}},"7":{"name":"(anonymous_7)","line":62,"loc":{"start":{"line":62,"column":36},"end":{"line":62,"column":56}}},"8":{"name":"(anonymous_8)","line":69,"loc":{"start":{"line":69,"column":28},"end":{"line":69,"column":46}}},"9":{"name":"getSortedSentences","line":81,"loc":{"start":{"line":81,"column":0},"end":{"line":81,"column":68}}},"10":{"name":"(anonymous_10)","line":82,"loc":{"start":{"line":82,"column":36},"end":{"line":82,"column":56}}},"11":{"name":"(anonymous_11)","line":87,"loc":{"start":{"line":87,"column":20},"end":{"line":87,"column":35}}},"12":{"name":"(anonymous_12)","line":88,"loc":{"start":{"line":88,"column":21},"end":{"line":88,"column":39}}},"13":{"name":"(anonymous_13)","line":99,"loc":{"start":{"line":99,"column":46},"end":{"line":99,"column":71}}},"14":{"name":"(anonymous_14)","line":108,"loc":{"start":{"line":108,"column":46},"end":{"line":108,"column":65}}},"15":{"name":"getSentencesRanks","line":118,"loc":{"start":{"line":118,"column":0},"end":{"line":118,"column":46}}},"16":{"name":"(anonymous_16)","line":119,"loc":{"start":{"line":119,"column":34},"end":{"line":119,"column":54}}},"17":{"name":"(anonymous_17)","line":126,"loc":{"start":{"line":126,"column":17},"end":{"line":126,"column":29}}},"18":{"name":"(anonymous_18)","line":128,"loc":{"start":{"line":128,"column":18},"end":{"line":128,"column":30}}},"19":{"name":"(anonymous_19)","line":134,"loc":{"start":{"line":134,"column":21},"end":{"line":134,"column":33}}},"20":{"name":"(anonymous_20)","line":135,"loc":{"start":{"line":135,"column":22},"end":{"line":135,"column":34}}},"21":{"name":"(anonymous_21)","line":136,"loc":{"start":{"line":136,"column":54},"end":{"line":136,"column":82}}},"22":{"name":"(anonymous_22)","line":144,"loc":{"start":{"line":144,"column":20},"end":{"line":144,"column":32}}},"23":{"name":"(anonymous_23)","line":146,"loc":{"start":{"line":146,"column":21},"end":{"line":146,"column":33}}},"24":{"name":"(anonymous_24)","line":150,"loc":{"start":{"line":150,"column":32},"end":{"line":150,"column":50}}},"25":{"name":"(anonymous_25)","line":159,"loc":{"start":{"line":159,"column":20},"end":{"line":159,"column":55}}},"26":{"name":"(anonymous_26)","line":161,"loc":{"start":{"line":161,"column":28},"end":{"line":161,"column":43}}},"27":{"name":"(anonymous_27)","line":162,"loc":{"start":{"line":162,"column":36},"end":{"line":162,"column":57}}},"28":{"name":"(anonymous_28)","line":165,"loc":{"start":{"line":165,"column":22},"end":{"line":165,"column":34}}},"29":{"name":"(anonymous_29)","line":166,"loc":{"start":{"line":166,"column":29},"end":{"line":166,"column":48}}},"30":{"name":"(anonymous_30)","line":178,"loc":{"start":{"line":178,"column":29},"end":{"line":178,"column":60}}},"31":{"name":"(anonymous_31)","line":184,"loc":{"start":{"line":184,"column":28},"end":{"line":184,"column":43}}},"32":{"name":"(anonymous_32)","line":185,"loc":{"start":{"line":185,"column":39},"end":{"line":185,"column":66}}}},"statementMap":{"1":{"start":{"line":1,"column":0},"end":{"line":1,"column":42}},"2":{"start":{"line":2,"column":0},"end":{"line":2,"column":46}},"3":{"start":{"line":4,"column":0},"end":{"line":13,"column":1}},"4":{"start":{"line":5,"column":1},"end":{"line":7,"column":2}},"5":{"start":{"line":6,"column":2},"end":{"line":6,"column":25}},"6":{"start":{"line":9,"column":1},"end":{"line":9,"column":47}},"7":{"start":{"line":10,"column":1},"end":{"line":10,"column":29}},"8":{"start":{"line":12,"column":1},"end":{"line":12,"column":42}},"9":{"start":{"line":15,"column":0},"end":{"line":17,"column":1}},"10":{"start":{"line":16,"column":1},"end":{"line":16,"column":33}},"11":{"start":{"line":22,"column":0},"end":{"line":38,"column":1}},"12":{"start":{"line":23,"column":2},"end":{"line":23,"column":23}},"13":{"start":{"line":24,"column":2},"end":{"line":24,"column":18}},"14":{"start":{"line":26,"column":1},"end":{"line":35,"column":2}},"15":{"start":{"line":27,"column":2},"end":{"line":34,"column":3}},"16":{"start":{"line":27,"column":28},"end":{"line":27,"column":33}},"17":{"start":{"line":28,"column":7},"end":{"line":34,"column":3}},"18":{"start":{"line":28,"column":28},"end":{"line":28,"column":33}},"19":{"start":{"line":31,"column":3},"end":{"line":31,"column":22}},"20":{"start":{"line":32,"column":3},"end":{"line":32,"column":8}},"21":{"start":{"line":33,"column":3},"end":{"line":33,"column":8}},"22":{"start":{"line":37,"column":1},"end":{"line":37,"column":15}},"23":{"start":{"line":40,"column":0},"end":{"line":52,"column":1}},"24":{"start":{"line":41,"column":1},"end":{"line":41,"column":27}},"25":{"start":{"line":42,"column":1},"end":{"line":42,"column":27}},"26":{"start":{"line":44,"column":1},"end":{"line":46,"column":2}},"27":{"start":{"line":45,"column":2},"end":{"line":45,"column":17}},"28":{"start":{"line":48,"column":1},"end":{"line":48,"column":41}},"29":{"start":{"line":49,"column":1},"end":{"line":49,"column":48}},"30":{"start":{"line":51,"column":1},"end":{"line":51,"column":57}},"31":{"start":{"line":54,"column":0},"end":{"line":59,"column":1}},"32":{"start":{"line":57,"column":1},"end":{"line":57,"column":4487}},"33":{"start":{"line":58,"column":1},"end":{"line":58,"column":36}},"34":{"start":{"line":61,"column":0},"end":{"line":79,"column":1}},"35":{"start":{"line":62,"column":1},"end":{"line":78,"column":4}},"36":{"start":{"line":63,"column":2},"end":{"line":63,"column":28}},"37":{"start":{"line":63,"column":18},"end":{"line":63,"column":28}},"38":{"start":{"line":64,"column":2},"end":{"line":64,"column":38}},"39":{"start":{"line":64,"column":28},"end":{"line":64,"column":38}},"40":{"start":{"line":66,"column":2},"end":{"line":66,"column":62}},"41":{"start":{"line":67,"column":2},"end":{"line":75,"column":3}},"42":{"start":{"line":68,"column":3},"end":{"line":68,"column":27}},"43":{"start":{"line":69,"column":3},"end":{"line":74,"column":6}},"44":{"start":{"line":70,"column":4},"end":{"line":73,"column":5}},"45":{"start":{"line":71,"column":5},"end":{"line":71,"column":45}},"46":{"start":{"line":72,"column":5},"end":{"line":72,"column":30}},"47":{"start":{"line":77,"column":2},"end":{"line":77,"column":26}},"48":{"start":{"line":81,"column":0},"end":{"line":116,"column":1}},"49":{"start":{"line":82,"column":1},"end":{"line":115,"column":4}},"50":{"start":{"line":83,"column":2},"end":{"line":83,"column":38}},"51":{"start":{"line":83,"column":18},"end":{"line":83,"column":38}},"52":{"start":{"line":84,"column":2},"end":{"line":84,"column":48}},"53":{"start":{"line":84,"column":28},"end":{"line":84,"column":48}},"54":{"start":{"line":86,"column":2},"end":{"line":86,"column":36}},"55":{"start":{"line":87,"column":2},"end":{"line":97,"column":5}},"56":{"start":{"line":88,"column":3},"end":{"line":96,"column":6}},"57":{"start":{"line":89,"column":4},"end":{"line":95,"column":5}},"58":{"start":{"line":90,"column":5},"end":{"line":94,"column":8}},"59":{"start":{"line":99,"column":2},"end":{"line":101,"column":5}},"60":{"start":{"line":100,"column":3},"end":{"line":100,"column":34}},"61":{"start":{"line":103,"column":2},"end":{"line":105,"column":3}},"62":{"start":{"line":104,"column":3},"end":{"line":104,"column":30}},"63":{"start":{"line":106,"column":2},"end":{"line":106,"column":48}},"64":{"start":{"line":108,"column":2},"end":{"line":110,"column":5}},"65":{"start":{"line":109,"column":3},"end":{"line":109,"column":25}},"66":{"start":{"line":112,"column":2},"end":{"line":112,"column":58}},"67":{"start":{"line":114,"column":2},"end":{"line":114,"column":29}},"68":{"start":{"line":118,"column":0},"end":{"line":157,"column":1}},"69":{"start":{"line":119,"column":1},"end":{"line":156,"column":4}},"70":{"start":{"line":120,"column":2},"end":{"line":122,"column":27}},"71":{"start":{"line":125,"column":2},"end":{"line":125,"column":29}},"72":{"start":{"line":126,"column":2},"end":{"line":132,"column":5}},"73":{"start":{"line":127,"column":3},"end":{"line":127,"column":13}},"74":{"start":{"line":128,"column":3},"end":{"line":130,"column":6}},"75":{"start":{"line":129,"column":4},"end":{"line":129,"column":17}},"76":{"start":{"line":131,"column":3},"end":{"line":131,"column":21}},"77":{"start":{"line":134,"column":2},"end":{"line":141,"column":5}},"78":{"start":{"line":135,"column":3},"end":{"line":140,"column":6}},"79":{"start":{"line":136,"column":4},"end":{"line":139,"column":7}},"80":{"start":{"line":137,"column":5},"end":{"line":137,"column":23}},"81":{"start":{"line":137,"column":13},"end":{"line":137,"column":23}},"82":{"start":{"line":138,"column":5},"end":{"line":138,"column":33}},"83":{"start":{"line":143,"column":2},"end":{"line":143,"column":37}},"84":{"start":{"line":144,"column":2},"end":{"line":153,"column":5}},"85":{"start":{"line":145,"column":3},"end":{"line":145,"column":13}},"86":{"start":{"line":146,"column":3},"end":{"line":148,"column":6}},"87":{"start":{"line":147,"column":4},"end":{"line":147,"column":38}},"88":{"start":{"line":147,"column":16},"end":{"line":147,"column":38}},"89":{"start":{"line":150,"column":3},"end":{"line":152,"column":6}},"90":{"start":{"line":151,"column":4},"end":{"line":151,"column":36}},"91":{"start":{"line":155,"column":2},"end":{"line":155,"column":27}},"92":{"start":{"line":159,"column":0},"end":{"line":176,"column":2}},"93":{"start":{"line":160,"column":1},"end":{"line":160,"column":63}},"94":{"start":{"line":161,"column":1},"end":{"line":175,"column":4}},"95":{"start":{"line":162,"column":2},"end":{"line":174,"column":5}},"96":{"start":{"line":163,"column":3},"end":{"line":163,"column":23}},"97":{"start":{"line":165,"column":3},"end":{"line":169,"column":6}},"98":{"start":{"line":166,"column":4},"end":{"line":168,"column":7}},"99":{"start":{"line":167,"column":5},"end":{"line":167,"column":41}},"100":{"start":{"line":167,"column":18},"end":{"line":167,"column":41}},"101":{"start":{"line":172,"column":3},"end":{"line":172,"column":40}},"102":{"start":{"line":172,"column":29},"end":{"line":172,"column":40}},"103":{"start":{"line":173,"column":3},"end":{"line":173,"column":37}},"104":{"start":{"line":178,"column":0},"end":{"line":193,"column":2}},"105":{"start":{"line":179,"column":1},"end":{"line":182,"column":2}},"106":{"start":{"line":180,"column":2},"end":{"line":180,"column":15}},"107":{"start":{"line":181,"column":2},"end":{"line":181,"column":8}},"108":{"start":{"line":184,"column":1},"end":{"line":192,"column":4}},"109":{"start":{"line":185,"column":2},"end":{"line":191,"column":5}},"110":{"start":{"line":186,"column":3},"end":{"line":190,"column":4}},"111":{"start":{"line":187,"column":4},"end":{"line":187,"column":51}},"112":{"start":{"line":189,"column":4},"end":{"line":189,"column":37}}},"branchMap":{"1":{"line":5,"type":"if","locations":[{"start":{"line":5,"column":1},"end":{"line":5,"column":1}},{"start":{"line":5,"column":1},"end":{"line":5,"column":1}}]},"2":{"line":12,"type":"binary-expr","locations":[{"start":{"line":12,"column":10},"end":{"line":12,"column":34}},{"start":{"line":12,"column":38},"end":{"line":12,"column":40}}]},"3":{"line":26,"type":"binary-expr","locations":[{"start":{"line":26,"column":7},"end":{"line":26,"column":20}},{"start":{"line":26,"column":24},"end":{"line":26,"column":37}}]},"4":{"line":27,"type":"if","locations":[{"start":{"line":27,"column":2},"end":{"line":27,"column":2}},{"start":{"line":27,"column":2},"end":{"line":27,"column":2}}]},"5":{"line":28,"type":"if","locations":[{"start":{"line":28,"column":7},"end":{"line":28,"column":7}},{"start":{"line":28,"column":7},"end":{"line":28,"column":7}}]},"6":{"line":44,"type":"if","locations":[{"start":{"line":44,"column":1},"end":{"line":44,"column":1}},{"start":{"line":44,"column":1},"end":{"line":44,"column":1}}]},"7":{"line":63,"type":"if","locations":[{"start":{"line":63,"column":2},"end":{"line":63,"column":2}},{"start":{"line":63,"column":2},"end":{"line":63,"column":2}}]},"8":{"line":64,"type":"if","locations":[{"start":{"line":64,"column":2},"end":{"line":64,"column":2}},{"start":{"line":64,"column":2},"end":{"line":64,"column":2}}]},"9":{"line":70,"type":"if","locations":[{"start":{"line":70,"column":4},"end":{"line":70,"column":4}},{"start":{"line":70,"column":4},"end":{"line":70,"column":4}}]},"10":{"line":70,"type":"binary-expr","locations":[{"start":{"line":70,"column":7},"end":{"line":70,"column":14}},{"start":{"line":70,"column":18},"end":{"line":70,"column":53}}]},"11":{"line":83,"type":"if","locations":[{"start":{"line":83,"column":2},"end":{"line":83,"column":2}},{"start":{"line":83,"column":2},"end":{"line":83,"column":2}}]},"12":{"line":84,"type":"if","locations":[{"start":{"line":84,"column":2},"end":{"line":84,"column":2}},{"start":{"line":84,"column":2},"end":{"line":84,"column":2}}]},"13":{"line":89,"type":"if","locations":[{"start":{"line":89,"column":4},"end":{"line":89,"column":4}},{"start":{"line":89,"column":4},"end":{"line":89,"column":4}}]},"14":{"line":103,"type":"if","locations":[{"start":{"line":103,"column":2},"end":{"line":103,"column":2}},{"start":{"line":103,"column":2},"end":{"line":103,"column":2}}]},"15":{"line":103,"type":"binary-expr","locations":[{"start":{"line":103,"column":5},"end":{"line":103,"column":31}},{"start":{"line":103,"column":35},"end":{"line":103,"column":42}}]},"16":{"line":137,"type":"if","locations":[{"start":{"line":137,"column":5},"end":{"line":137,"column":5}},{"start":{"line":137,"column":5},"end":{"line":137,"column":5}}]},"17":{"line":147,"type":"if","locations":[{"start":{"line":147,"column":4},"end":{"line":147,"column":4}},{"start":{"line":147,"column":4},"end":{"line":147,"column":4}}]},"18":{"line":167,"type":"if","locations":[{"start":{"line":167,"column":5},"end":{"line":167,"column":5}},{"start":{"line":167,"column":5},"end":{"line":167,"column":5}}]},"19":{"line":172,"type":"if","locations":[{"start":{"line":172,"column":3},"end":{"line":172,"column":3}},{"start":{"line":172,"column":3},"end":{"line":172,"column":3}}]},"20":{"line":179,"type":"if","locations":[{"start":{"line":179,"column":1},"end":{"line":179,"column":1}},{"start":{"line":179,"column":1},"end":{"line":179,"column":1}}]},"21":{"line":186,"type":"if","locations":[{"start":{"line":186,"column":3},"end":{"line":186,"column":3}},{"start":{"line":186,"column":3},"end":{"line":186,"column":3}}]}},"code":["var _ = require('lodash-node/underscore');","var Tokenizer = require('sentence-tokenizer');","","function splitContentToSentences(content, callback) {","\tif(content.indexOf('.') === -1) {","\t\treturn callback(false);","\t}","","\tvar tokenizer = new Tokenizer('node-summary');","\ttokenizer.setEntry(content);","","\tcallback(tokenizer.getSentences() || []);","}","","function splitContentToParagraphs(content, callback) {","\tcallback(content.split(\"\\n\\n\"));","}","","/**"," * Original code from http://stackoverflow.com/a/1885660/394013"," */","function intersect_safe(a, b) {","  var ai     = 0, bi=0;","  var result = [];","","\twhile(ai < a.length && bi < b.length){","\t\tif      (a[ai] < b[bi] ){ ai++; }","\t\telse if (a[ai] > b[bi] ){ bi++; }","\t\telse /* they're equal */","\t\t{","\t\t\tresult.push(a[ai]);","\t\t\tai++;","\t\t\tbi++;","\t\t}","\t}","","\treturn result;","}","","function sentencesIntersection(sent1, sent2, callback) {","\tvar s1 = sent1.split(' ');","\tvar s2 = sent2.split(' ');","","\tif((s1.length + s2.length) === 0) {","\t\tcallback(true);","\t}","","\tvar intersect  = intersect_safe(s1, s2);","\tvar spliceHere = ((s1.length + s2.length) / 2);","","\tcallback(false, intersect.splice(0, spliceHere).length);","}","","function formatSentence(sentence, callback) {","\t// To support unicode characters.","\t// http://www.unicode.org/reports/tr29/WordBreakTest.html","\tvar re = /[^A-Za-z\\u00AA\\u00B5\\u00BA\\u00C0-\\u00D6\\u00D8-\\u00F6\\u00F8-\\u0236\\u0250-\\u02C1\\u02C6-\\u02D1\\u02E0-\\u02E4\\u02EE\\u0345\\u037A\\u0386\\u0388-\\u038A\\u038C\\u038E-\\u03A1\\u03A3-\\u03CE\\u03D0-\\u03F5\\u03F7-\\u03FB\\u0400-\\u0481\\u048A-\\u04CE\\u04D0-\\u04F5\\u04F8-\\u04F9\\u0500-\\u050F\\u0531-\\u0556\\u0559\\u0561-\\u0587\\u05B0-\\u05B9\\u05BB-\\u05BD\\u05BF\\u05C1-\\u05C2\\u05C4\\u05D0-\\u05EA\\u05F0-\\u05F3\\u0610-\\u0615\\u0621-\\u063A\\u0640-\\u0657\\u066E-\\u06D3\\u06D5-\\u06DC\\u06E1-\\u06E8\\u06ED-\\u06EF\\u06FA-\\u06FC\\u06FF\\u0710-\\u073F\\u074D-\\u074F\\u0780-\\u07B1\\u0901-\\u0939\\u093D-\\u094C\\u0950\\u0958-\\u0963\\u0981-\\u0983\\u0985-\\u098C\\u098F-\\u0990\\u0993-\\u09A8\\u09AA-\\u09B0\\u09B2\\u09B6-\\u09B9\\u09BD-\\u09C4\\u09C7-\\u09C8\\u09CB-\\u09CC\\u09D7\\u09DC-\\u09DD\\u09DF-\\u09E3\\u09F0-\\u09F1\\u0A01-\\u0A03\\u0A05-\\u0A0A\\u0A0F-\\u0A10\\u0A13-\\u0A28\\u0A2A-\\u0A30\\u0A32-\\u0A33\\u0A35-\\u0A36\\u0A38-\\u0A39\\u0A3E-\\u0A42\\u0A47-\\u0A48\\u0A4B-\\u0A4C\\u0A59-\\u0A5C\\u0A5E\\u0A70-\\u0A74\\u0A81-\\u0A83\\u0A85-\\u0A8D\\u0A8F-\\u0A91\\u0A93-\\u0AA8\\u0AAA-\\u0AB0\\u0AB2-\\u0AB3\\u0AB5-\\u0AB9\\u0ABD-\\u0AC5\\u0AC7-\\u0AC9\\u0ACB-\\u0ACC\\u0AD0\\u0AE0-\\u0AE3\\u0B01-\\u0B03\\u0B05-\\u0B0C\\u0B0F-\\u0B10\\u0B13-\\u0B28\\u0B2A-\\u0B30\\u0B32-\\u0B33\\u0B35-\\u0B39\\u0B3D-\\u0B43\\u0B47-\\u0B48\\u0B4B-\\u0B4C\\u0B56-\\u0B57\\u0B5C-\\u0B5D\\u0B5F-\\u0B61\\u0B71\\u0B82-\\u0B83\\u0B85-\\u0B8A\\u0B8E-\\u0B90\\u0B92-\\u0B95\\u0B99-\\u0B9A\\u0B9C\\u0B9E-\\u0B9F\\u0BA3-\\u0BA4\\u0BA8-\\u0BAA\\u0BAE-\\u0BB5\\u0BB7-\\u0BB9\\u0BBE-\\u0BC2\\u0BC6-\\u0BC8\\u0BCA-\\u0BCC\\u0BD7\\u0C01-\\u0C03\\u0C05-\\u0C0C\\u0C0E-\\u0C10\\u0C12-\\u0C28\\u0C2A-\\u0C33\\u0C35-\\u0C39\\u0C3E-\\u0C44\\u0C46-\\u0C48\\u0C4A-\\u0C4C\\u0C55-\\u0C56\\u0C60-\\u0C61\\u0C82-\\u0C83\\u0C85-\\u0C8C\\u0C8E-\\u0C90\\u0C92-\\u0CA8\\u0CAA-\\u0CB3\\u0CB5-\\u0CB9\\u0CBD-\\u0CC4\\u0CC6-\\u0CC8\\u0CCA-\\u0CCC\\u0CD5-\\u0CD6\\u0CDE\\u0CE0-\\u0CE1\\u0D02-\\u0D03\\u0D05-\\u0D0C\\u0D0E-\\u0D10\\u0D12-\\u0D28\\u0D2A-\\u0D39\\u0D3E-\\u0D43\\u0D46-\\u0D48\\u0D4A-\\u0D4C\\u0D57\\u0D60-\\u0D61\\u0D82-\\u0D83\\u0D85-\\u0D96\\u0D9A-\\u0DB1\\u0DB3-\\u0DBB\\u0DBD\\u0DC0-\\u0DC6\\u0DCF-\\u0DD4\\u0DD6\\u0DD8-\\u0DDF\\u0DF2-\\u0DF3\\u0F00\\u0F40-\\u0F47\\u0F49-\\u0F6A\\u0F71-\\u0F81\\u0F88-\\u0F8B\\u0F90-\\u0F97\\u0F99-\\u0FBC\\u1000-\\u1021\\u1023-\\u1027\\u1029-\\u102A\\u102C-\\u1032\\u1036\\u1038\\u1050-\\u1059\\u10A0-\\u10C5\\u10D0-\\u10F8\\u1100-\\u1159\\u115F-\\u11A2\\u11A8-\\u11F9\\u1200-\\u1206\\u1208-\\u1246\\u1248\\u124A-\\u124D\\u1250-\\u1256\\u1258\\u125A-\\u125D\\u1260-\\u1286\\u1288\\u128A-\\u128D\\u1290-\\u12AE\\u12B0\\u12B2-\\u12B5\\u12B8-\\u12BE\\u12C0\\u12C2-\\u12C5\\u12C8-\\u12CE\\u12D0-\\u12D6\\u12D8-\\u12EE\\u12F0-\\u130E\\u1310\\u1312-\\u1315\\u1318-\\u131E\\u1320-\\u1346\\u1348-\\u135A\\u13A0-\\u13F4\\u1401-\\u166C\\u166F-\\u1676\\u1681-\\u169A\\u16A0-\\u16EA\\u16EE-\\u16F0\\u1700-\\u170C\\u170E-\\u1713\\u1720-\\u1733\\u1740-\\u1753\\u1760-\\u176C\\u176E-\\u1770\\u1772-\\u1773\\u1780-\\u17B3\\u17B6-\\u17C8\\u17D7\\u17DC\\u1820-\\u1877\\u1880-\\u18A9\\u1900-\\u191C\\u1920-\\u192B\\u1930-\\u1938\\u1950-\\u196D\\u1970-\\u1974\\u1D00-\\u1D6B\\u1E00-\\u1E9B\\u1EA0-\\u1EF9\\u1F00-\\u1F15\\u1F18-\\u1F1D\\u1F20-\\u1F45\\u1F48-\\u1F4D\\u1F50-\\u1F57\\u1F59\\u1F5B\\u1F5D\\u1F5F-\\u1F7D\\u1F80-\\u1FB4\\u1FB6-\\u1FBC\\u1FBE\\u1FC2-\\u1FC4\\u1FC6-\\u1FCC\\u1FD0-\\u1FD3\\u1FD6-\\u1FDB\\u1FE0-\\u1FEC\\u1FF2-\\u1FF4\\u1FF6-\\u1FFC\\u2071\\u207F\\u2102\\u2107\\u210A-\\u2113\\u2115\\u2119-\\u211D\\u2124\\u2126\\u2128\\u212A-\\u212D\\u212F-\\u2131\\u2133-\\u2139\\u213D-\\u213F\\u2145-\\u2149\\u2160-\\u2183\\u3005\\u3031-\\u3035\\u303B-\\u303C\\u3105-\\u312C\\u3131-\\u318E\\u31A0-\\u31B7\\uA000-\\uA48C\\uAC00-\\uD7A3\\uFA30-\\uFA6A\\uFB00-\\uFB06\\uFB13-\\uFB17\\uFB1D-\\uFB28\\uFB2A-\\uFB36\\uFB38-\\uFB3C\\uFB3E\\uFB40-\\uFB41\\uFB43-\\uFB44\\uFB46-\\uFBB1\\uFBD3-\\uFD3D\\uFD50-\\uFD8F\\uFD92-\\uFDC7\\uFDF0-\\uFDFB\\uFE70-\\uFE74\\uFE76-\\uFEFC\\uFF21-\\uFF3A\\uFF41-\\uFF5A\\uFFA0-\\uFFBE\\uFFC2-\\uFFC7\\uFFCA-\\uFFCF\\uFFD2-\\uFFD7\\uFFDA-\\uFFDC\\U00010000-\\U0001000B\\U0001000D-\\U00010026\\U00010028-\\U0001003A\\U0001003C-\\U0001003D\\U0001003F-\\U0001004D\\U00010050-\\U0001005D\\U00010080-\\U000100FA\\U00010300-\\U0001031E\\U00010330-\\U0001034A\\U00010380-\\U0001039D\\U00010400-\\U0001049D\\U00010800-\\U00010805\\U00010808\\U0001080A-\\U00010835\\U00010837-\\U00010838\\U0001083C\\U0001083F\\U0001D400-\\U0001D454\\U0001D456-\\U0001D49C\\U0001D49E-\\U0001D49F\\U0001D4A2\\U0001D4A5-\\U0001D4A6\\U0001D4A9-\\U0001D4AC\\U0001D4AE-\\U0001D4B9\\U0001D4BB\\U0001D4BD-\\U0001D4C3\\U0001D4C5-\\U0001D505\\U0001D507-\\U0001D50A\\U0001D50D-\\U0001D514\\U0001D516-\\U0001D51C\\U0001D51E-\\U0001D539\\U0001D53B-\\U0001D53E\\U0001D540-\\U0001D544\\U0001D546\\U0001D54A-\\U0001D550\\U0001D552-\\U0001D6A3\\U0001D6A8-\\U0001D6C0\\U0001D6C2-\\U0001D6DA\\U0001D6DC-\\U0001D6FA\\U0001D6FC-\\U0001D714\\U0001D716-\\U0001D734\\U0001D736-\\U0001D74E\\U0001D750-\\U0001D76E\\U0001D770-\\U0001D788\\U0001D78A-\\U0001D7A8\\U0001D7AA-\\U0001D7C2\\U0001D7C4-\\U0001D7C9]/g","\tcallback(sentence.replace(re, ''));","}","","function getBestSentence(paragraph, sentences_dict, callback) {","\tsplitContentToSentences(paragraph, function(sentences) {","\t\tif (!sentences) return '';","\t\tif (sentences.length < 2) return '';","","\t\tvar best_sentence = '', max_value = 0, strip_s, sentence, s;","\t\tfor(s in sentences) {","\t\t\tsentence = sentences[s];","\t\t\tformatSentence(sentence, function(strip_s) {","\t\t\t\tif(strip_s && sentences_dict[strip_s] > max_value) {","\t\t\t\t\tmax_value     = sentences_dict[strip_s];","\t\t\t\t\tbest_sentence = sentence;","\t\t\t\t}","\t\t\t});","\t\t}","","\t\tcallback(best_sentence);","\t});","}","","function getSortedSentences(paragraph, sentences_dict, n, callback) {","\tsplitContentToSentences(paragraph, function(sentences) {","\t\tif (!sentences) return callback('');","\t\tif (sentences.length < 2) return callback('');","","\t\tvar sentence_scores = [], strip_s;","\t\t_.each(sentences, function(s, i) {","\t\t\tformatSentence(s, function(strip_s) {","\t\t\t\tif(strip_s) {","\t\t\t\t\tsentence_scores.push({","\t\t\t\t\t\tsentence: s,","\t\t\t\t\t\tscore:    sentences_dict[strip_s],","\t\t\t\t\t\torder:    i","\t\t\t\t\t});","\t\t\t\t}","\t\t\t});","\t\t});","","\t\tsentence_scores = _.sortBy(sentence_scores, function(sentence_score) {","\t\t\treturn -(sentence_score.score);","\t\t});","","\t\tif(sentence_scores.length < n || n === 0) {","\t\t\tn = sentence_scores.length;","\t\t}","\t\tsentence_scores = sentence_scores.slice(0, n);","","\t\tsentence_scores = _.sortBy(sentence_scores, function(sentence) {","\t\t\treturn sentence.order;","\t\t});","","\t\tsorted_sentences = _.pluck(sentence_scores, 'sentence');","","\t\tcallback(sorted_sentences);","\t});","}","","function getSentencesRanks(content, callback) {","\tsplitContentToSentences(content, function(sentences) {","\t\tvar n          = sentences.length,","\t\t\tzeroNRange = _.range(0, n),","\t\t\tnRange     = _.range(n);","","\t\t// This is ugly, I know.","\t\tvar values = [], _val = [];","\t\t_.each(nRange, function(x) {","\t\t\t_val = [];","\t\t\t_.each(nRange, function(y) {","\t\t\t\t_val.push(0);","\t\t\t});","\t\t\tvalues.push(_val);","\t\t});","\t\t// Assign each score to each sentence","\t\t_.each(zeroNRange, function(i) {","\t\t\t_.each(zeroNRange, function(j) {","\t\t\t\tsentencesIntersection(sentences[i], sentences[j], function(err, intersection) {","\t\t\t\t\tif(err) throw err;","\t\t\t\t\tvalues[i][j] = intersection;","\t\t\t\t});","\t\t\t});","\t\t});","\t\t// Build sentence score dictionary","\t\tvar sentences_dict = {}, score = 0;","\t\t_.any(zeroNRange, function(i) {","\t\t\tscore = 0;","\t\t\t_.any(zeroNRange, function(j) {","\t\t\t\tif(i !== j) score += values[i][j];","\t\t\t});","","\t\t\tformatSentence(sentences[i], function(strip_s) {","\t\t\t\tsentences_dict[strip_s] = score;","\t\t\t});","\t\t});","","\t\tcallback(sentences_dict);","\t});","}","","exports.summarize = function(title, content, callback) {","\tvar summary = [], paragraphs = [], sentence = '', err = false;","\tgetSentencesRanks(content, function(dict) {","\t\tsplitContentToParagraphs(content, function(paragraphs) {","\t\t\tsummary.push(title); // Store the title.","","\t\t\t_.each(paragraphs, function(p) {","\t\t\t\tgetBestSentence(p, dict, function(sentence) {","\t\t\t\t\tif(sentence) summary.push(sentence);","\t\t\t\t});","\t\t\t});","","\t\t\t// If we only have a title, then there is an issue.","\t\t\tif(sentence.length === 2) err = true;","\t\t\tcallback(err, summary.join(\"\\n\"));","\t\t});","\t});","};","","exports.getSortedSentences = function(content, n, callback) {","\tif (typeof(n) === 'function') {","\t\tcallback = n;","\t\tn = 0;","\t}","","\tgetSentencesRanks(content, function(dict) {","\t\tgetSortedSentences(content, dict, n, function(sorted_sentences) {","\t\t\tif(sorted_sentences === '') {","\t\t\t\tcallback(new Error('Too short to summarize.'));","\t\t\t} else {","\t\t\t\tcallback(null, sorted_sentences);","\t\t\t}","\t\t});","\t});","};",""],"l":{"1":1,"2":1,"4":1,"5":0,"6":0,"9":0,"10":0,"12":0,"15":1,"16":0,"22":1,"23":0,"24":0,"26":0,"27":0,"28":0,"31":0,"32":0,"33":0,"37":0,"40":1,"41":0,"42":0,"44":0,"45":0,"48":0,"49":0,"51":0,"54":1,"57":0,"58":0,"61":1,"62":0,"63":0,"64":0,"66":0,"67":0,"68":0,"69":0,"70":0,"71":0,"72":0,"77":0,"81":1,"82":0,"83":0,"84":0,"86":0,"87":0,"88":0,"89":0,"90":0,"99":0,"100":0,"103":0,"104":0,"106":0,"108":0,"109":0,"112":0,"114":0,"118":1,"119":0,"120":0,"125":0,"126":0,"127":0,"128":0,"129":0,"131":0,"134":0,"135":0,"136":0,"137":0,"138":0,"143":0,"144":0,"145":0,"146":0,"147":0,"150":0,"151":0,"155":0,"159":1,"160":0,"161":0,"162":0,"163":0,"165":0,"166":0,"167":0,"172":0,"173":0,"178":1,"179":0,"180":0,"181":0,"184":0,"185":0,"186":0,"187":0,"189":0}}}